###############################################################################
#
# IAR ANSI C/C++ Compiler V8.42.1.233/W32 for ARM         11/Feb/2020  18:31:02
# Copyright 1999-2019 IAR Systems AB.
#
#    Cpu mode             
#    Endian            =  little
#    Source file       =
#        C:\Users\mohit\Desktop\Microapps
#        projects\LAB5\Task3\Src\stm32f4xx_hal_msp.c
#    Command line      =
#        -f C:\Users\mohit\AppData\Local\Temp\EWFD5C.tmp
#        ("C:\Users\mohit\Desktop\Microapps
#        projects\LAB5\Task3\Src\stm32f4xx_hal_msp.c" -D USE_HAL_DRIVER -D
#        STM32F429xx -lC "C:\Users\mohit\Desktop\Microapps
#        projects\LAB5\Task3\EWARM\Task3\List" -o
#        "C:\Users\mohit\Desktop\Microapps projects\LAB5\Task3\EWARM\Task3\Obj"
#        --debug --endian=little --cpu=Cortex-M4 -e --fpu=VFPv4_sp
#        --dlib_config "C:\Program Files (x86)\IAR Systems\Embedded Workbench
#        8.4\arm\inc\c\DLib_Config_Full.h" -I "C:\Users\mohit\Desktop\Microapps
#        projects\LAB5\Task3\EWARM/../Inc\" -I
#        "C:\Users\mohit\Desktop\Microapps
#        projects\LAB5\Task3\EWARM/../Drivers/STM32F4xx_HAL_Driver/Inc\" -I
#        "C:\Users\mohit\Desktop\Microapps
#        projects\LAB5\Task3\EWARM/../Drivers/STM32F4xx_HAL_Driver/Inc/Legacy\"
#        -I "C:\Users\mohit\Desktop\Microapps
#        projects\LAB5\Task3\EWARM/../Drivers/CMSIS/Device/ST/STM32F4xx/Include\"
#        -I "C:\Users\mohit\Desktop\Microapps
#        projects\LAB5\Task3\EWARM/../Drivers/CMSIS/Include\" -Ohz)
#    Locale            =  C
#    List file         =
#        C:\Users\mohit\Desktop\Microapps
#        projects\LAB5\Task3\EWARM\Task3\List\stm32f4xx_hal_msp.lst
#    Object file       =
#        C:\Users\mohit\Desktop\Microapps
#        projects\LAB5\Task3\EWARM\Task3\Obj\stm32f4xx_hal_msp.o
#    Runtime model:       
#      __SystemLibrary =  DLib
#      __dlib_version  =  6
#      __size_limit    =  32768|ARM.EW.LINKER
#
###############################################################################

C:\Users\mohit\Desktop\Microapps projects\LAB5\Task3\Src\stm32f4xx_hal_msp.c
      1          /* USER CODE BEGIN Header */
      2          /**
      3            ******************************************************************************
      4            * File Name          : stm32f4xx_hal_msp.c
      5            * Description        : This file provides code for the MSP Initialization 
      6            *                      and de-Initialization codes.
      7            ******************************************************************************
      8            * @attention
      9            *
     10            * <h2><center>&copy; Copyright (c) 2020 STMicroelectronics.
     11            * All rights reserved.</center></h2>
     12            *
     13            * This software component is licensed by ST under BSD 3-Clause license,
     14            * the "License"; You may not use this file except in compliance with the
     15            * License. You may obtain a copy of the License at:
     16            *                        opensource.org/licenses/BSD-3-Clause
     17            *
     18            ******************************************************************************
     19            */
     20          /* USER CODE END Header */
     21          
     22          /* Includes ------------------------------------------------------------------*/
     23          #include "main.h"
     24          /* USER CODE BEGIN Includes */
     25          
     26          /* USER CODE END Includes */
     27          
     28          /* Private typedef -----------------------------------------------------------*/
     29          /* USER CODE BEGIN TD */
     30          
     31          /* USER CODE END TD */
     32          
     33          /* Private define ------------------------------------------------------------*/
     34          /* USER CODE BEGIN Define */
     35           
     36          /* USER CODE END Define */
     37          
     38          /* Private macro -------------------------------------------------------------*/
     39          /* USER CODE BEGIN Macro */
     40          
     41          /* USER CODE END Macro */
     42          
     43          /* Private variables ---------------------------------------------------------*/
     44          /* USER CODE BEGIN PV */
     45          
     46          /* USER CODE END PV */
     47          
     48          /* Private function prototypes -----------------------------------------------*/
     49          /* USER CODE BEGIN PFP */
     50          
     51          /* USER CODE END PFP */
     52          
     53          /* External functions --------------------------------------------------------*/
     54          /* USER CODE BEGIN ExternalFunctions */
     55          
     56          /* USER CODE END ExternalFunctions */
     57          
     58          /* USER CODE BEGIN 0 */
     59          
     60          
     61          /* USER CODE END 0 */
     62                                  
     63          void HAL_TIM_MspPostInit(TIM_HandleTypeDef *htim);
     64                              /**
     65            * Initializes the Global MSP.
     66            */

   \                                 In section .text, align 2, keep-with-next
     67          void HAL_MspInit(void)
     68          {
   \                     HAL_MspInit: (+1)
   \        0x0   0xB081             SUB      SP,SP,#+4
     69            /* USER CODE BEGIN MspInit 0 */
     70          
     71            /* USER CODE END MspInit 0 */
     72          
     73            __HAL_RCC_SYSCFG_CLK_ENABLE();
   \        0x2   0x2000             MOVS     R0,#+0
   \        0x4   0x9000             STR      R0,[SP, #+0]
     74            __HAL_RCC_PWR_CLK_ENABLE();
   \        0x6   0x2200             MOVS     R2,#+0
   \        0x8   0x....             LDR.N    R0,??DataTable3  ;; 0x40023840
   \        0xA   0x6841             LDR      R1,[R0, #+4]
   \        0xC   0xF441 0x4180      ORR      R1,R1,#0x4000
   \       0x10   0x6041             STR      R1,[R0, #+4]
   \       0x12   0x6841             LDR      R1,[R0, #+4]
   \       0x14   0xF401 0x4180      AND      R1,R1,#0x4000
   \       0x18   0x9100             STR      R1,[SP, #+0]
   \       0x1A   0x9900             LDR      R1,[SP, #+0]
   \       0x1C   0x9200             STR      R2,[SP, #+0]
   \       0x1E   0x6803             LDR      R3,[R0, #+0]
   \       0x20   0xF043 0x5380      ORR      R3,R3,#0x10000000
   \       0x24   0x6003             STR      R3,[R0, #+0]
   \       0x26   0x6800             LDR      R0,[R0, #+0]
   \       0x28   0xF000 0x5080      AND      R0,R0,#0x10000000
   \       0x2C   0x9000             STR      R0,[SP, #+0]
   \       0x2E   0x9800             LDR      R0,[SP, #+0]
     75          
     76            /* System interrupt init*/
     77          
     78            /* USER CODE BEGIN MspInit 1 */
     79          
     80            /* USER CODE END MspInit 1 */
     81          }
   \       0x30   0xB001             ADD      SP,SP,#+4
   \       0x32   0x4770             BX       LR               ;; return
     82          
     83          /**
     84          * @brief TIM_Base MSP Initialization
     85          * This function configures the hardware resources used in this example
     86          * @param htim_base: TIM_Base handle pointer
     87          * @retval None
     88          */

   \                                 In section .text, align 2, keep-with-next
     89          void HAL_TIM_Base_MspInit(TIM_HandleTypeDef* htim_base)
     90          {
   \                     HAL_TIM_Base_MspInit: (+1)
   \        0x0   0x6800             LDR      R0,[R0, #+0]
   \        0x2   0x....             LDR.N    R1,??DataTable3_1  ;; 0x40000800
   \        0x4   0x4288             CMP      R0,R1
   \        0x6   0xD000             BEQ.N    ??HAL_TIM_Base_MspInit_0
   \        0x8   0x4770             BX       LR
   \                     ??HAL_TIM_Base_MspInit_0: (+1)
   \        0xA   0xB580             PUSH     {R7,LR}
     91            if(htim_base->Instance==TIM4)
     92            {
     93            /* USER CODE BEGIN TIM4_MspInit 0 */
     94          
     95            /* USER CODE END TIM4_MspInit 0 */
     96              /* Peripheral clock enable */
     97              __HAL_RCC_TIM4_CLK_ENABLE();
   \        0xC   0x2200             MOVS     R2,#+0
   \        0xE   0x....             LDR.N    R0,??DataTable3  ;; 0x40023840
   \       0x10   0x9200             STR      R2,[SP, #+0]
   \       0x12   0x6801             LDR      R1,[R0, #+0]
   \       0x14   0xF041 0x0104      ORR      R1,R1,#0x4
   \       0x18   0x6001             STR      R1,[R0, #+0]
     98              /* TIM4 interrupt Init */
     99              HAL_NVIC_SetPriority(TIM4_IRQn, 0, 0);
   \       0x1A   0x2100             MOVS     R1,#+0
   \       0x1C   0x6800             LDR      R0,[R0, #+0]
   \       0x1E   0xF000 0x0004      AND      R0,R0,#0x4
   \       0x22   0x9000             STR      R0,[SP, #+0]
   \       0x24   0x9800             LDR      R0,[SP, #+0]
   \       0x26   0x201E             MOVS     R0,#+30
   \       0x28   0x....'....        BL       HAL_NVIC_SetPriority
    100              HAL_NVIC_EnableIRQ(TIM4_IRQn);
   \       0x2C   0xE8BD 0x4002      POP      {R1,LR}
   \       0x30   0x201E             MOVS     R0,#+30
   \       0x32   0x....'....        B.W      HAL_NVIC_EnableIRQ
    101            /* USER CODE BEGIN TIM4_MspInit 1 */
    102          
    103            /* USER CODE END TIM4_MspInit 1 */
    104            }
    105          
    106          }
    107          

   \                                 In section .text, align 2, keep-with-next
    108          void HAL_TIM_MspPostInit(TIM_HandleTypeDef* htim)
    109          {
   \                     HAL_TIM_MspPostInit: (+1)
   \        0x0   0xB510             PUSH     {R4,LR}
   \        0x2   0xB086             SUB      SP,SP,#+24
   \        0x4   0x4604             MOV      R4,R0
   \        0x6   0x2214             MOVS     R2,#+20
   \        0x8   0x2100             MOVS     R1,#+0
   \        0xA   0xA801             ADD      R0,SP,#+4
   \        0xC   0x....'....        BL       memset
    110            GPIO_InitTypeDef GPIO_InitStruct = {0};
    111            if(htim->Instance==TIM4)
   \       0x10   0x6821             LDR      R1,[R4, #+0]
   \       0x12   0x....             LDR.N    R0,??DataTable3_1  ;; 0x40000800
   \       0x14   0x4281             CMP      R1,R0
   \       0x16   0xD119             BNE.N    ??HAL_TIM_MspPostInit_0
    112            {
    113            /* USER CODE BEGIN TIM4_MspPostInit 0 */
    114          
    115            /* USER CODE END TIM4_MspPostInit 0 */
    116            
    117              __HAL_RCC_GPIOD_CLK_ENABLE();
   \       0x18   0x2200             MOVS     R2,#+0
   \       0x1A   0x....             LDR.N    R0,??DataTable3_2  ;; 0x40023830
   \       0x1C   0x9200             STR      R2,[SP, #+0]
    118              /**TIM4 GPIO Configuration    
    119              PD13     ------> TIM4_CH2 
    120              */
    121              GPIO_InitStruct.Pin = GPIO_PIN_13;
    122              GPIO_InitStruct.Mode = GPIO_MODE_AF_PP;
   \       0x1E   0x2202             MOVS     R2,#+2
   \       0x20   0x6801             LDR      R1,[R0, #+0]
   \       0x22   0xF041 0x0108      ORR      R1,R1,#0x8
   \       0x26   0x6001             STR      R1,[R0, #+0]
   \       0x28   0xF44F 0x5100      MOV      R1,#+8192
   \       0x2C   0x6800             LDR      R0,[R0, #+0]
   \       0x2E   0xF000 0x0008      AND      R0,R0,#0x8
   \       0x32   0x9000             STR      R0,[SP, #+0]
   \       0x34   0x9800             LDR      R0,[SP, #+0]
    123              GPIO_InitStruct.Pull = GPIO_NOPULL;
    124              GPIO_InitStruct.Speed = GPIO_SPEED_FREQ_LOW;
    125              GPIO_InitStruct.Alternate = GPIO_AF2_TIM4;
    126              HAL_GPIO_Init(GPIOD, &GPIO_InitStruct);
   \       0x36   0x....             LDR.N    R0,??DataTable3_3  ;; 0x40020c00
   \       0x38   0x9101             STR      R1,[SP, #+4]
   \       0x3A   0x9202             STR      R2,[SP, #+8]
   \       0x3C   0x2100             MOVS     R1,#+0
   \       0x3E   0x9103             STR      R1,[SP, #+12]
   \       0x40   0x9104             STR      R1,[SP, #+16]
   \       0x42   0x2102             MOVS     R1,#+2
   \       0x44   0x9105             STR      R1,[SP, #+20]
   \       0x46   0xA901             ADD      R1,SP,#+4
   \       0x48   0x....'....        BL       HAL_GPIO_Init
    127          
    128            /* USER CODE BEGIN TIM4_MspPostInit 1 */
    129          
    130            /* USER CODE END TIM4_MspPostInit 1 */
    131            }
    132          
    133          }
   \                     ??HAL_TIM_MspPostInit_0: (+1)
   \       0x4C   0xB006             ADD      SP,SP,#+24
   \       0x4E   0xBD10             POP      {R4,PC}          ;; return
    134          /**
    135          * @brief TIM_Base MSP De-Initialization
    136          * This function freeze the hardware resources used in this example
    137          * @param htim_base: TIM_Base handle pointer
    138          * @retval None
    139          */

   \                                 In section .text, align 2, keep-with-next
    140          void HAL_TIM_Base_MspDeInit(TIM_HandleTypeDef* htim_base)
    141          {
    142            if(htim_base->Instance==TIM4)
   \                     HAL_TIM_Base_MspDeInit: (+1)
   \        0x0   0x6800             LDR      R0,[R0, #+0]
   \        0x2   0x....             LDR.N    R1,??DataTable3_1  ;; 0x40000800
   \        0x4   0x4288             CMP      R0,R1
   \        0x6   0xD107             BNE.N    ??HAL_TIM_Base_MspDeInit_0
    143            {
    144            /* USER CODE BEGIN TIM4_MspDeInit 0 */
    145          
    146            /* USER CODE END TIM4_MspDeInit 0 */
    147              /* Peripheral clock disable */
    148              __HAL_RCC_TIM4_CLK_DISABLE();
   \        0x8   0x....             LDR.N    R0,??DataTable3  ;; 0x40023840
   \        0xA   0x6802             LDR      R2,[R0, #+0]
   \        0xC   0xF022 0x0204      BIC      R2,R2,#0x4
   \       0x10   0x6002             STR      R2,[R0, #+0]
    149          
    150              /* TIM4 interrupt DeInit */
    151              HAL_NVIC_DisableIRQ(TIM4_IRQn);
   \       0x12   0x201E             MOVS     R0,#+30
   \       0x14   0x....'....        B.W      HAL_NVIC_DisableIRQ
    152            /* USER CODE BEGIN TIM4_MspDeInit 1 */
    153          
    154            /* USER CODE END TIM4_MspDeInit 1 */
    155            }
    156          
    157          }
   \                     ??HAL_TIM_Base_MspDeInit_0: (+1)
   \       0x18   0x4770             BX       LR               ;; return

   \                                 In section .text, align 4, keep-with-next
   \                     ??DataTable3:
   \        0x0   0x4002'3840        DC32     0x40023840

   \                                 In section .text, align 4, keep-with-next
   \                     ??DataTable3_1:
   \        0x0   0x4000'0800        DC32     0x40000800

   \                                 In section .text, align 4, keep-with-next
   \                     ??DataTable3_2:
   \        0x0   0x4002'3830        DC32     0x40023830

   \                                 In section .text, align 4, keep-with-next
   \                     ??DataTable3_3:
   \        0x0   0x4002'0C00        DC32     0x40020c00
    158          
    159          /* USER CODE BEGIN 1 */
    160          
    161          /* USER CODE END 1 */
    162          
    163          /************************ (C) COPYRIGHT STMicroelectronics *****END OF FILE****/

   Maximum stack usage in bytes:

   .cstack Function
   ------- --------
       4   HAL_MspInit
       0   HAL_TIM_Base_MspDeInit
         0   -> HAL_NVIC_DisableIRQ
       8   HAL_TIM_Base_MspInit
         0   -> HAL_NVIC_EnableIRQ
         8   -> HAL_NVIC_SetPriority
      32   HAL_TIM_MspPostInit
        32   -> HAL_GPIO_Init
        32   -> memset


   Section sizes:

   Bytes  Function/Label
   -----  --------------
       4  ??DataTable3
       4  ??DataTable3_1
       4  ??DataTable3_2
       4  ??DataTable3_3
      52  HAL_MspInit
      26  HAL_TIM_Base_MspDeInit
      54  HAL_TIM_Base_MspInit
      80  HAL_TIM_MspPostInit

 
 228 bytes in section .text
 
 228 bytes of CODE memory

Errors: none
Warnings: none
