###############################################################################
#
# IAR ANSI C/C++ Compiler V8.42.1.233/W32 for ARM         10/Mar/2020  20:25:06
# Copyright 1999-2019 IAR Systems AB.
#
#    Cpu mode             
#    Endian            =  little
#    Source file       =
#        C:\Users\mohit\Desktop\Microapps
#        projects\LAB8\Task1\Src\stm32f4xx_hal_msp.c
#    Command line      =
#        -f C:\Users\mohit\AppData\Local\Temp\EWB18E.tmp
#        ("C:\Users\mohit\Desktop\Microapps
#        projects\LAB8\Task1\Src\stm32f4xx_hal_msp.c" -D USE_HAL_DRIVER -D
#        STM32F429xx -lC "C:\Users\mohit\Desktop\Microapps
#        projects\LAB8\Task1\EWARM\Task1\List" -o
#        "C:\Users\mohit\Desktop\Microapps projects\LAB8\Task1\EWARM\Task1\Obj"
#        --debug --endian=little --cpu=Cortex-M4 -e --fpu=VFPv4_sp
#        --dlib_config "C:\Program Files (x86)\IAR Systems\Embedded Workbench
#        8.4\arm\inc\c\DLib_Config_Full.h" -I "C:\Users\mohit\Desktop\Microapps
#        projects\LAB8\Task1\EWARM/../Inc\" -I
#        "C:\Users\mohit\Desktop\Microapps
#        projects\LAB8\Task1\EWARM/../Drivers/STM32F4xx_HAL_Driver/Inc\" -I
#        "C:\Users\mohit\Desktop\Microapps
#        projects\LAB8\Task1\EWARM/../Drivers/STM32F4xx_HAL_Driver/Inc/Legacy\"
#        -I "C:\Users\mohit\Desktop\Microapps
#        projects\LAB8\Task1\EWARM/../Drivers/CMSIS/Device/ST/STM32F4xx/Include\"
#        -I "C:\Users\mohit\Desktop\Microapps
#        projects\LAB8\Task1\EWARM/../Drivers/CMSIS/Include\" -Ohz)
#    Locale            =  C
#    List file         =
#        C:\Users\mohit\Desktop\Microapps
#        projects\LAB8\Task1\EWARM\Task1\List\stm32f4xx_hal_msp.lst
#    Object file       =
#        C:\Users\mohit\Desktop\Microapps
#        projects\LAB8\Task1\EWARM\Task1\Obj\stm32f4xx_hal_msp.o
#    Runtime model:       
#      __SystemLibrary =  DLib
#      __dlib_version  =  6
#      __size_limit    =  32768|ARM.EW.LINKER
#
###############################################################################

C:\Users\mohit\Desktop\Microapps projects\LAB8\Task1\Src\stm32f4xx_hal_msp.c
      1          /* USER CODE BEGIN Header */
      2          /**
      3            ******************************************************************************
      4            * File Name          : stm32f4xx_hal_msp.c
      5            * Description        : This file provides code for the MSP Initialization 
      6            *                      and de-Initialization codes.
      7            ******************************************************************************
      8            * @attention
      9            *
     10            * <h2><center>&copy; Copyright (c) 2020 STMicroelectronics.
     11            * All rights reserved.</center></h2>
     12            *
     13            * This software component is licensed by ST under BSD 3-Clause license,
     14            * the "License"; You may not use this file except in compliance with the
     15            * License. You may obtain a copy of the License at:
     16            *                        opensource.org/licenses/BSD-3-Clause
     17            *
     18            ******************************************************************************
     19            */
     20          /* USER CODE END Header */
     21          
     22          /* Includes ------------------------------------------------------------------*/
     23          #include "main.h"
     24          /* USER CODE BEGIN Includes */
     25          
     26          /* USER CODE END Includes */
     27          
     28          /* Private typedef -----------------------------------------------------------*/
     29          /* USER CODE BEGIN TD */
     30          
     31          /* USER CODE END TD */
     32          
     33          /* Private define ------------------------------------------------------------*/
     34          /* USER CODE BEGIN Define */
     35           
     36          /* USER CODE END Define */
     37          
     38          /* Private macro -------------------------------------------------------------*/
     39          /* USER CODE BEGIN Macro */
     40          
     41          /* USER CODE END Macro */
     42          
     43          /* Private variables ---------------------------------------------------------*/
     44          /* USER CODE BEGIN PV */
     45          
     46          /* USER CODE END PV */
     47          
     48          /* Private function prototypes -----------------------------------------------*/
     49          /* USER CODE BEGIN PFP */
     50          
     51          /* USER CODE END PFP */
     52          
     53          /* External functions --------------------------------------------------------*/
     54          /* USER CODE BEGIN ExternalFunctions */
     55          
     56          /* USER CODE END ExternalFunctions */
     57          
     58          /* USER CODE BEGIN 0 */
     59          
     60          /* USER CODE END 0 */
     61          /**
     62            * Initializes the Global MSP.
     63            */

   \                                 In section .text, align 2, keep-with-next
     64          void HAL_MspInit(void)
     65          {
   \                     HAL_MspInit: (+1)
   \        0x0   0xB081             SUB      SP,SP,#+4
     66            /* USER CODE BEGIN MspInit 0 */
     67          
     68            /* USER CODE END MspInit 0 */
     69          
     70            __HAL_RCC_SYSCFG_CLK_ENABLE();
   \        0x2   0x2000             MOVS     R0,#+0
   \        0x4   0x9000             STR      R0,[SP, #+0]
     71            __HAL_RCC_PWR_CLK_ENABLE();
   \        0x6   0x2200             MOVS     R2,#+0
   \        0x8   0x....             LDR.N    R0,??DataTable2  ;; 0x40023840
   \        0xA   0x6841             LDR      R1,[R0, #+4]
   \        0xC   0xF441 0x4180      ORR      R1,R1,#0x4000
   \       0x10   0x6041             STR      R1,[R0, #+4]
   \       0x12   0x6841             LDR      R1,[R0, #+4]
   \       0x14   0xF401 0x4180      AND      R1,R1,#0x4000
   \       0x18   0x9100             STR      R1,[SP, #+0]
   \       0x1A   0x9900             LDR      R1,[SP, #+0]
   \       0x1C   0x9200             STR      R2,[SP, #+0]
   \       0x1E   0x6803             LDR      R3,[R0, #+0]
   \       0x20   0xF043 0x5380      ORR      R3,R3,#0x10000000
   \       0x24   0x6003             STR      R3,[R0, #+0]
   \       0x26   0x6800             LDR      R0,[R0, #+0]
   \       0x28   0xF000 0x5080      AND      R0,R0,#0x10000000
   \       0x2C   0x9000             STR      R0,[SP, #+0]
   \       0x2E   0x9800             LDR      R0,[SP, #+0]
     72          
     73            /* System interrupt init*/
     74          
     75            /* USER CODE BEGIN MspInit 1 */
     76          
     77            /* USER CODE END MspInit 1 */
     78          }
   \       0x30   0xB001             ADD      SP,SP,#+4
   \       0x32   0x4770             BX       LR               ;; return
     79          
     80          /**
     81          * @brief ADC MSP Initialization
     82          * This function configures the hardware resources used in this example
     83          * @param hadc: ADC handle pointer
     84          * @retval None
     85          */

   \                                 In section .text, align 2, keep-with-next
     86          void HAL_ADC_MspInit(ADC_HandleTypeDef* hadc)
     87          {
   \                     HAL_ADC_MspInit: (+1)
   \        0x0   0xB510             PUSH     {R4,LR}
   \        0x2   0xB086             SUB      SP,SP,#+24
   \        0x4   0x4604             MOV      R4,R0
   \        0x6   0x2214             MOVS     R2,#+20
   \        0x8   0x2100             MOVS     R1,#+0
   \        0xA   0xA801             ADD      R0,SP,#+4
   \        0xC   0x....'....        BL       memset
     88            GPIO_InitTypeDef GPIO_InitStruct = {0};
     89            if(hadc->Instance==ADC2)
   \       0x10   0x6821             LDR      R1,[R4, #+0]
   \       0x12   0x....             LDR.N    R0,??DataTable2_1  ;; 0x40012100
   \       0x14   0x4281             CMP      R1,R0
   \       0x16   0xD127             BNE.N    ??HAL_ADC_MspInit_0
     90            {
     91            /* USER CODE BEGIN ADC2_MspInit 0 */
     92          
     93            /* USER CODE END ADC2_MspInit 0 */
     94              /* Peripheral clock enable */
     95              __HAL_RCC_ADC2_CLK_ENABLE();
   \       0x18   0x2200             MOVS     R2,#+0
   \       0x1A   0x....             LDR.N    R0,??DataTable2_2  ;; 0x40023830
   \       0x1C   0x9200             STR      R2,[SP, #+0]
   \       0x1E   0x6941             LDR      R1,[R0, #+20]
   \       0x20   0xF441 0x7100      ORR      R1,R1,#0x200
   \       0x24   0x6141             STR      R1,[R0, #+20]
   \       0x26   0x6941             LDR      R1,[R0, #+20]
   \       0x28   0xF401 0x7100      AND      R1,R1,#0x200
   \       0x2C   0x9100             STR      R1,[SP, #+0]
   \       0x2E   0x9900             LDR      R1,[SP, #+0]
     96            
     97              __HAL_RCC_GPIOC_CLK_ENABLE();
   \       0x30   0x9200             STR      R2,[SP, #+0]
     98              /**ADC2 GPIO Configuration    
     99              PC0     ------> ADC2_IN10 
    100              */
    101              GPIO_InitStruct.Pin = GPIO_PIN_0;
   \       0x32   0x2101             MOVS     R1,#+1
   \       0x34   0x6803             LDR      R3,[R0, #+0]
   \       0x36   0xF043 0x0304      ORR      R3,R3,#0x4
   \       0x3A   0x6003             STR      R3,[R0, #+0]
    102              GPIO_InitStruct.Mode = GPIO_MODE_ANALOG;
   \       0x3C   0x2203             MOVS     R2,#+3
   \       0x3E   0x6800             LDR      R0,[R0, #+0]
   \       0x40   0xF000 0x0004      AND      R0,R0,#0x4
   \       0x44   0x9000             STR      R0,[SP, #+0]
   \       0x46   0x9800             LDR      R0,[SP, #+0]
    103              GPIO_InitStruct.Pull = GPIO_NOPULL;
    104              HAL_GPIO_Init(GPIOC, &GPIO_InitStruct);
   \       0x48   0x....             LDR.N    R0,??DataTable2_3  ;; 0x40020800
   \       0x4A   0x9101             STR      R1,[SP, #+4]
   \       0x4C   0x9202             STR      R2,[SP, #+8]
   \       0x4E   0x2100             MOVS     R1,#+0
   \       0x50   0x9103             STR      R1,[SP, #+12]
   \       0x52   0xA901             ADD      R1,SP,#+4
   \       0x54   0x....'....        BL       HAL_GPIO_Init
    105          
    106              /* ADC2 interrupt Init */
    107              HAL_NVIC_SetPriority(ADC_IRQn, 0, 0);
   \       0x58   0x2200             MOVS     R2,#+0
   \       0x5A   0x2100             MOVS     R1,#+0
   \       0x5C   0x2012             MOVS     R0,#+18
   \       0x5E   0x....'....        BL       HAL_NVIC_SetPriority
    108              HAL_NVIC_EnableIRQ(ADC_IRQn);
   \       0x62   0x2012             MOVS     R0,#+18
   \       0x64   0x....'....        BL       HAL_NVIC_EnableIRQ
    109            /* USER CODE BEGIN ADC2_MspInit 1 */
    110          
    111            /* USER CODE END ADC2_MspInit 1 */
    112            }
    113          
    114          }
   \                     ??HAL_ADC_MspInit_0: (+1)
   \       0x68   0xB006             ADD      SP,SP,#+24
   \       0x6A   0xBD10             POP      {R4,PC}          ;; return
    115          
    116          /**
    117          * @brief ADC MSP De-Initialization
    118          * This function freeze the hardware resources used in this example
    119          * @param hadc: ADC handle pointer
    120          * @retval None
    121          */

   \                                 In section .text, align 2, keep-with-next
    122          void HAL_ADC_MspDeInit(ADC_HandleTypeDef* hadc)
    123          {
   \                     HAL_ADC_MspDeInit: (+1)
   \        0x0   0x6800             LDR      R0,[R0, #+0]
   \        0x2   0x....             LDR.N    R1,??DataTable2_1  ;; 0x40012100
   \        0x4   0x4288             CMP      R0,R1
   \        0x6   0xD000             BEQ.N    ??HAL_ADC_MspDeInit_0
   \        0x8   0x4770             BX       LR
   \                     ??HAL_ADC_MspDeInit_0: (+1)
   \        0xA   0xB580             PUSH     {R7,LR}
    124            if(hadc->Instance==ADC2)
    125            {
    126            /* USER CODE BEGIN ADC2_MspDeInit 0 */
    127          
    128            /* USER CODE END ADC2_MspDeInit 0 */
    129              /* Peripheral clock disable */
    130              __HAL_RCC_ADC2_CLK_DISABLE();
   \        0xC   0x....             LDR.N    R0,??DataTable2_4  ;; 0x40023844
   \        0xE   0x6802             LDR      R2,[R0, #+0]
   \       0x10   0xF422 0x7200      BIC      R2,R2,#0x200
   \       0x14   0x6002             STR      R2,[R0, #+0]
    131            
    132              /**ADC2 GPIO Configuration    
    133              PC0     ------> ADC2_IN10 
    134              */
    135              HAL_GPIO_DeInit(GPIOC, GPIO_PIN_0);
   \       0x16   0x2101             MOVS     R1,#+1
   \       0x18   0x....             LDR.N    R0,??DataTable2_3  ;; 0x40020800
   \       0x1A   0x....'....        BL       HAL_GPIO_DeInit
    136          
    137              /* ADC2 interrupt DeInit */
    138              HAL_NVIC_DisableIRQ(ADC_IRQn);
   \       0x1E   0xE8BD 0x4002      POP      {R1,LR}
   \       0x22   0x2012             MOVS     R0,#+18
   \       0x24   0x....'....        B.W      HAL_NVIC_DisableIRQ
    139            /* USER CODE BEGIN ADC2_MspDeInit 1 */
    140          
    141            /* USER CODE END ADC2_MspDeInit 1 */
    142            }
    143          
    144          }

   \                                 In section .text, align 4, keep-with-next
   \                     ??DataTable2:
   \        0x0   0x4002'3840        DC32     0x40023840

   \                                 In section .text, align 4, keep-with-next
   \                     ??DataTable2_1:
   \        0x0   0x4001'2100        DC32     0x40012100

   \                                 In section .text, align 4, keep-with-next
   \                     ??DataTable2_2:
   \        0x0   0x4002'3830        DC32     0x40023830

   \                                 In section .text, align 4, keep-with-next
   \                     ??DataTable2_3:
   \        0x0   0x4002'0800        DC32     0x40020800

   \                                 In section .text, align 4, keep-with-next
   \                     ??DataTable2_4:
   \        0x0   0x4002'3844        DC32     0x40023844
    145          
    146          /* USER CODE BEGIN 1 */
    147          
    148          /* USER CODE END 1 */
    149          
    150          /************************ (C) COPYRIGHT STMicroelectronics *****END OF FILE****/

   Maximum stack usage in bytes:

   .cstack Function
   ------- --------
       8   HAL_ADC_MspDeInit
         8   -> HAL_GPIO_DeInit
         0   -> HAL_NVIC_DisableIRQ
      32   HAL_ADC_MspInit
        32   -> HAL_GPIO_Init
        32   -> HAL_NVIC_EnableIRQ
        32   -> HAL_NVIC_SetPriority
        32   -> memset
       4   HAL_MspInit


   Section sizes:

   Bytes  Function/Label
   -----  --------------
       4  ??DataTable2
       4  ??DataTable2_1
       4  ??DataTable2_2
       4  ??DataTable2_3
       4  ??DataTable2_4
      40  HAL_ADC_MspDeInit
     108  HAL_ADC_MspInit
      52  HAL_MspInit

 
 220 bytes in section .text
 
 220 bytes of CODE memory

Errors: none
Warnings: none
